# JRE version: Java(TM) SE Runtime Environment (8.0_281-b09) (build 1.8.0_281-b09)
# Java VM: Java HotSpot(TM) 64-Bit Server VM (25.281-b09 mixed mode windows-amd64 compressed oops)
Heap:
 PSYoungGen      total 602624K, used 532614K [0x00000000d5580000, 0x0000000100000000, 0x0000000100000000)
  eden space 519680K, 99% used [0x00000000d5580000,0x00000000f4d56950,0x00000000f5100000)
  from space 82944K, 20% used [0x00000000f5100000,0x00000000f614b1b8,0x00000000fa200000)
  to   space 80384K, 0% used [0x00000000fb180000,0x00000000fb180000,0x0000000100000000)
 ParOldGen       total 333824K, used 298109K [0x0000000080000000, 0x0000000094600000, 0x00000000d5580000)
  object space 333824K, 89% used [0x0000000080000000,0x000000009231f670,0x0000000094600000)
 Metaspace       used 130420K, capacity 140990K, committed 141464K, reserved 1171456K
  class space    used 16828K, capacity 18531K, committed 18864K, reserved 1048576K
GC Heap History (10 events):
Event: 7663.629 GC heap before
{Heap before GC invocations=40 (full 5):
 PSYoungGen      total 583168K, used 583166K [0x00000000d5580000, 0x0000000100000000, 0x0000000100000000)
  eden space 521728K, 100% used [0x00000000d5580000,0x00000000f5300000,0x00000000f5300000)
  from space 61440K, 99% used [0x00000000fc400000,0x00000000fffff918,0x0000000100000000)
  to   space 88576K, 0% used [0x00000000f5300000,0x00000000f5300000,0x00000000fa980000)
 ParOldGen       total 333824K, used 251979K [0x0000000080000000, 0x0000000094600000, 0x00000000d5580000)
  object space 333824K, 75% used [0x0000000080000000,0x000000008f612c88,0x0000000094600000)
 Metaspace       used 126527K, capacity 134482K, committed 134936K, reserved 1167360K
  class space    used 16292K, capacity 17695K, committed 17968K, reserved 1048576K
Event: 7663.677 GC heap after
Heap after GC invocations=40 (full 5):
 PSYoungGen      total 610304K, used 16912K [0x00000000d5580000, 0x0000000100000000, 0x0000000100000000)
  eden space 521728K, 0% used [0x00000000d5580000,0x00000000d5580000,0x00000000f5300000)
  from space 88576K, 19% used [0x00000000f5300000,0x00000000f6384370,0x00000000fa980000)
  to   space 85504K, 0% used [0x00000000fac80000,0x00000000fac80000,0x0000000100000000)
 ParOldGen       total 333824K, used 275319K [0x0000000080000000, 0x0000000094600000, 0x00000000d5580000)
  object space 333824K, 82% used [0x0000000080000000,0x0000000090cddc48,0x0000000094600000)
 Metaspace       used 126527K, capacity 134482K, committed 134936K, reserved 1167360K
  class space    used 16292K, capacity 17695K, committed 17968K, reserved 1048576K
}
Event: 7665.826 GC heap before
{Heap before GC invocations=41 (full 5):
 PSYoungGen      total 610304K, used 538639K [0x00000000d5580000, 0x0000000100000000, 0x0000000100000000)
  eden space 521728K, 99% used [0x00000000d5580000,0x00000000f52ffb30,0x00000000f5300000)
  from space 88576K, 19% used [0x00000000f5300000,0x00000000f6384370,0x00000000fa980000)
  to   space 85504K, 0% used [0x00000000fac80000,0x00000000fac80000,0x0000000100000000)
 ParOldGen       total 333824K, used 275319K [0x0000000080000000, 0x0000000094600000, 0x00000000d5580000)
  object space 333824K, 82% used [0x0000000080000000,0x0000000090cddc48,0x0000000094600000)
 Metaspace       used 127142K, capacity 135314K, committed 135832K, reserved 1167360K
  class space    used 16349K, capacity 17747K, committed 18096K, reserved 1048576K
Event: 7665.873 GC heap after
Heap after GC invocations=41 (full 5):
 PSYoungGen      total 602112K, used 60301K [0x00000000d5580000, 0x0000000100000000, 0x0000000100000000)
  eden space 516608K, 0% used [0x00000000d5580000,0x00000000d5580000,0x00000000f4e00000)
  from space 85504K, 70% used [0x00000000fac80000,0x00000000fe7636a8,0x0000000100000000)
  to   space 91136K, 0% used [0x00000000f4e00000,0x00000000f4e00000,0x00000000fa700000)
 ParOldGen       total 333824K, used 276735K [0x0000000080000000, 0x0000000094600000, 0x00000000d5580000)
  object space 333824K, 82% used [0x0000000080000000,0x0000000090e3fc28,0x0000000094600000)
 Metaspace       used 127142K, capacity 135314K, committed 135832K, reserved 1167360K
  class space    used 16349K, capacity 17747K, committed 18096K, reserved 1048576K
}
Event: 7703.547 GC heap before
{Heap before GC invocations=42 (full 5):
 PSYoungGen      total 602112K, used 576909K [0x00000000d5580000, 0x0000000100000000, 0x0000000100000000)
  eden space 516608K, 100% used [0x00000000d5580000,0x00000000f4e00000,0x00000000f4e00000)
  from space 85504K, 70% used [0x00000000fac80000,0x00000000fe7636a8,0x0000000100000000)
  to   space 91136K, 0% used [0x00000000f4e00000,0x00000000f4e00000,0x00000000fa700000)
 ParOldGen       total 333824K, used 276735K [0x0000000080000000, 0x0000000094600000, 0x00000000d5580000)
  object space 333824K, 82% used [0x0000000080000000,0x0000000090e3fc28,0x0000000094600000)
 Metaspace       used 128176K, capacity 136692K, committed 137112K, reserved 1167360K
  class space    used 16503K, capacity 17978K, committed 18352K, reserved 1048576K
Event: 7703.567 GC heap after
Heap after GC invocations=42 (full 5):
 PSYoungGen      total 607744K, used 19047K [0x00000000d5580000, 0x00000000fff80000, 0x0000000100000000)
  eden space 516608K, 0% used [0x00000000d5580000,0x00000000d5580000,0x00000000f4e00000)
  from space 91136K, 20% used [0x00000000f4e00000,0x00000000f6099f00,0x00000000fa700000)
  to   space 88064K, 0% used [0x00000000fa980000,0x00000000fa980000,0x00000000fff80000)
 ParOldGen       total 333824K, used 292861K [0x0000000080000000, 0x0000000094600000, 0x00000000d5580000)
  object space 333824K, 87% used [0x0000000080000000,0x0000000091dff450,0x0000000094600000)
 Metaspace       used 128176K, capacity 136692K, committed 137112K, reserved 1167360K
  class space    used 16503K, capacity 17978K, committed 18352K, reserved 1048576K
}
Event: 8877.521 GC heap before
{Heap before GC invocations=43 (full 5):
 PSYoungGen      total 607744K, used 535655K [0x00000000d5580000, 0x00000000fff80000, 0x0000000100000000)
  eden space 516608K, 100% used [0x00000000d5580000,0x00000000f4e00000,0x00000000f4e00000)
  from space 91136K, 20% used [0x00000000f4e00000,0x00000000f6099f00,0x00000000fa700000)
  to   space 88064K, 0% used [0x00000000fa980000,0x00000000fa980000,0x00000000fff80000)
 ParOldGen       total 333824K, used 292861K [0x0000000080000000, 0x0000000094600000, 0x00000000d5580000)
  object space 333824K, 87% used [0x0000000080000000,0x0000000091dff450,0x0000000094600000)
 Metaspace       used 129544K, capacity 139462K, committed 140056K, reserved 1171456K
  class space    used 16721K, capacity 18363K, committed 18736K, reserved 1048576K
Event: 8877.560 GC heap after
Heap after GC invocations=43 (full 5):
 PSYoungGen      total 594944K, used 28245K [0x00000000d5580000, 0x00000000ff300000, 0x0000000100000000)
  eden space 519680K, 0% used [0x00000000d5580000,0x00000000d5580000,0x00000000f5100000)
  from space 75264K, 37% used [0x00000000fa980000,0x00000000fc5157f8,0x00000000ff300000)
  to   space 82944K, 0% used [0x00000000f5100000,0x00000000f5100000,0x00000000fa200000)
 ParOldGen       total 333824K, used 293634K [0x0000000080000000, 0x0000000094600000, 0x00000000d5580000)
  object space 333824K, 87% used [0x0000000080000000,0x0000000091ec0a50,0x0000000094600000)
 Metaspace       used 129544K, capacity 139462K, committed 140056K, reserved 1171456K
  class space    used 16721K, capacity 18363K, committed 18736K, reserved 1048576K
}
Event: 9020.281 GC heap before
{Heap before GC invocations=44 (full 5):
 PSYoungGen      total 594944K, used 547925K [0x00000000d5580000, 0x00000000ff300000, 0x0000000100000000)
  eden space 519680K, 100% used [0x00000000d5580000,0x00000000f5100000,0x00000000f5100000)
  from space 75264K, 37% used [0x00000000fa980000,0x00000000fc5157f8,0x00000000ff300000)
  to   space 82944K, 0% used [0x00000000f5100000,0x00000000f5100000,0x00000000fa200000)
 ParOldGen       total 333824K, used 293634K [0x0000000080000000, 0x0000000094600000, 0x00000000d5580000)
  object space 333824K, 87% used [0x0000000080000000,0x0000000091ec0a50,0x0000000094600000)
 Metaspace       used 130007K, capacity 140504K, committed 140952K, reserved 1171456K
  class space    used 16799K, capacity 18502K, committed 18864K, reserved 1048576K
Event: 9020.294 GC heap after
Heap after GC invocations=44 (full 5):
 PSYoungGen      total 602624K, used 16684K [0x00000000d5580000, 0x0000000100000000, 0x0000000100000000)
  eden space 519680K, 0% used [0x00000000d5580000,0x00000000d5580000,0x00000000f5100000)
  from space 82944K, 20% used [0x00000000f5100000,0x00000000f614b1b8,0x00000000fa200000)
  to   space 80384K, 0% used [0x00000000fb180000,0x00000000fb180000,0x0000000100000000)
 ParOldGen       total 333824K, used 298109K [0x0000000080000000, 0x0000000094600000, 0x00000000d5580000)
  object space 333824K, 89% used [0x0000000080000000,0x000000009231f670,0x0000000094600000)
 Metaspace       used 130007K, capacity 140504K, committed 140952K, reserved 1171456K
  class space    used 16799K, capacity 18502K, committed 18864K, reserved 1048576K
}

